#
# There is insufficient memory for the Java Runtime Environment to continue.
# Native memory allocation (malloc) failed to allocate 1048576 bytes for AllocateHeap
# Possible reasons:
#   The system is out of physical RAM or swap space
#   The process is running with CompressedOops enabled, and the Java Heap may be blocking the growth of the native heap
# Possible solutions:
#   Reduce memory load on the system
#   Increase physical memory or swap space
#   Check if swap backing store is full
#   Decrease Java heap size (-Xmx/-Xms)
#   Decrease number of Java threads
#   Decrease Java thread stack sizes (-Xss)
#   Set larger code cache with -XX:ReservedCodeCacheSize=
#   JVM is running with Zero Based Compressed Oops mode in which the Java heap is
#     placed in the first 32GB address space. The Java Heap base address is the
#     maximum limit for the native heap growth. Please use -XX:HeapBaseMinAddress
#     to set the Java Heap base and to place the Java Heap above 32GB virtual address.
# This output file may be truncated or incomplete.
#
#  Out of Memory Error (memory/allocation.inline.hpp:61), pid=27928, tid=0x0000000000006b88
#
# JRE version:  (8.0_202-b08) (build )
# Java VM: Java HotSpot(TM) 64-Bit Server VM (25.202-b08 mixed mode windows-amd64 compressed oops)
# Failed to write core dump. Minidumps are not enabled by default on client versions of Windows
#

---------------  T H R E A D  ---------------

Current thread (0x0000000002902800):  JavaThread "Unknown thread" [_thread_in_vm, id=27528, stack(0x00000000027d0000,0x00000000028d0000)]

Stack: [0x00000000027d0000,0x00000000028d0000]
[error occurred during error reporting (printing stack bounds), id 0xc0000005]

Native frames: (J=compiled Java code, j=interpreted, Vv=VM code, C=native code)


---------------  P R O C E S S  ---------------

Java Threads: ( => current thread )

Other Threads:

=>0x0000000002902800 (exited) JavaThread "Unknown thread" [_thread_in_vm, id=27528, stack(0x00000000027d0000,0x00000000028d0000)]

VM state:not at safepoint (normal execution)

VM Mutex/Monitor currently owned by a thread: None

heap address: 0x00000006c1400000, size: 4076 MB, Compressed Oops mode: Zero based, Oop shift amount: 3
Narrow klass base: 0x0000000000000000, Narrow klass shift: 3
Compressed class space size: 1073741824 Address: 0x00000007c0000000

Heap:
 PSYoungGen      total 76288K, used 1310K [0x000000076b180000, 0x0000000770680000, 0x00000007c0000000)
  eden space 65536K, 2% used [0x000000076b180000,0x000000076b2c7af0,0x000000076f180000)
  from space 10752K, 0% used [0x000000076fc00000,0x000000076fc00000,0x0000000770680000)
  to   space 10752K, 0% used [0x000000076f180000,0x000000076f180000,0x000000076fc00000)
 ParOldGen       total 175104K, used 0K [0x00000006c1400000, 0x00000006cbf00000, 0x000000076b180000)
  object space 175104K, 0% used [0x00000006c1400000,0x00000006c1400000,0x00000006cbf00000)
 Metaspace       used 786K, capacity 4480K, committed 4480K, reserved 1056768K
  class space    used 76K, capacity 384K, committed 384K, reserved 1048576K

Card table byte_map: [0x0000000011dc0000,0x00000000125c0000] byte_map_base: 0x000000000e7b6000

Marking Bits: (ParMarkBitMap*) 0x00000000558f5ce0
 Begin Bits: [0x0000000012f10000, 0x0000000016ec0000)
 End Bits:   [0x0000000016ec0000, 0x000000001ae70000)

Polling page: 0x0000000000cf0000

CodeCache: size=245760Kb used=328Kb max_used=328Kb free=245431Kb
 bounds [0x0000000002a00000, 0x0000000002c70000, 0x0000000011a00000]
 total_blobs=58 nmethods=0 adapters=38
 compilation: enabled

Compilation events (0 events):
No events

GC Heap History (0 events):
No events

Deoptimization events (0 events):
No events

Classes redefined (0 events):
No events

Internal exceptions (0 events):
No events

Events (10 events):
Event: 0.078 loading class java/lang/Short
Event: 0.078 loading class java/lang/Short done
Event: 0.078 loading class java/lang/Integer
Event: 0.079 loading class java/lang/Integer done
Event: 0.079 loading class java/lang/Long
Event: 0.079 loading class java/lang/Long done
Event: 0.082 loading class java/lang/NullPointerException
Event: 0.082 loading class java/lang/NullPointerException done
Event: 0.082 loading class java/lang/ArithmeticException
Event: 0.083 loading class java/lang/ArithmeticException done


Dynamic libraries:
0x00007ff615980000 - 0x00007ff6159b7000 	C:\Program Files\Java\jdk1.8.0_202\jre\bin\java.exe
0x00007ff933ff0000 - 0x00007ff9341e8000 	C:\Windows\SYSTEM32\ntdll.dll
0x00007ff8f4b60000 - 0x00007ff8f4b79000 	C:\Program Files\Avast Software\Avast\aswhook.dll
0x00007ff933080000 - 0x00007ff93313d000 	C:\Windows\System32\KERNEL32.DLL
0x00007ff931b90000 - 0x00007ff931e86000 	C:\Windows\System32\KERNELBASE.dll
0x00007ff932250000 - 0x00007ff932303000 	C:\Windows\System32\ADVAPI32.dll
0x00007ff933f10000 - 0x00007ff933fae000 	C:\Windows\System32\msvcrt.dll
0x00007ff932fe0000 - 0x00007ff93307f000 	C:\Windows\System32\sechost.dll
0x00007ff932e20000 - 0x00007ff932f46000 	C:\Windows\System32\RPCRT4.dll
0x00007ff9318e0000 - 0x00007ff931907000 	C:\Windows\System32\bcrypt.dll
0x00007ff932040000 - 0x00007ff9321de000 	C:\Windows\System32\USER32.dll
0x00007ff9318b0000 - 0x00007ff9318d2000 	C:\Windows\System32\win32u.dll
0x00007ff933850000 - 0x00007ff93387c000 	C:\Windows\System32\GDI32.dll
0x00007ff931f20000 - 0x00007ff93203a000 	C:\Windows\System32\gdi32full.dll
0x00007ff931810000 - 0x00007ff9318ad000 	C:\Windows\System32\msvcp_win.dll
0x00007ff9316c0000 - 0x00007ff9317c0000 	C:\Windows\System32\ucrtbase.dll
0x00007ff921690000 - 0x00007ff92192a000 	C:\Windows\WinSxS\amd64_microsoft.windows.common-controls_6595b64144ccf1df_6.0.19041.3636_none_60b6a03d71f818d5\COMCTL32.dll
0x00007ff933650000 - 0x00007ff933680000 	C:\Windows\System32\IMM32.DLL
0x0000000054ff0000 - 0x00000000550c2000 	C:\Program Files\Java\jdk1.8.0_202\jre\bin\msvcr100.dll
0x00000000550d0000 - 0x0000000055975000 	C:\Program Files\Java\jdk1.8.0_202\jre\bin\server\jvm.dll
0x00007ff9335b0000 - 0x00007ff9335b8000 	C:\Windows\System32\PSAPI.DLL
0x00007ff91f2f0000 - 0x00007ff91f2f9000 	C:\Windows\SYSTEM32\WSOCK32.dll
0x00007ff933b40000 - 0x00007ff933bab000 	C:\Windows\System32\WS2_32.dll
0x00007ff90e960000 - 0x00007ff90e987000 	C:\Windows\SYSTEM32\WINMM.dll
0x00007ff928270000 - 0x00007ff92827a000 	C:\Windows\SYSTEM32\VERSION.dll
0x00007ff92d5a0000 - 0x00007ff92d5af000 	C:\Program Files\Java\jdk1.8.0_202\jre\bin\verify.dll
0x00007ff9235a0000 - 0x00007ff9235c9000 	C:\Program Files\Java\jdk1.8.0_202\jre\bin\java.dll
0x00007ff8c97b0000 - 0x00007ff8c97e5000 	C:\Program Files\Java\jdk1.8.0_202\jre\bin\jdwp.dll
0x00007ff923490000 - 0x00007ff923498000 	C:\Program Files\Java\jdk1.8.0_202\jre\bin\npt.dll
0x00007ff921970000 - 0x00007ff921986000 	C:\Program Files\Java\jdk1.8.0_202\jre\bin\zip.dll

VM Arguments:
jvm_args: -Xdebug -Xrunjdwp:transport=dt_shmem,address=javadebug5516 -Dfile.encoding=UTF-8 
java_command: universityStudents.UniversityDataManagementSystemApp
java_class_path (initial): E:\iti\courses\casestudy\Full Project\Java\UniversityDataManagementSystemApp\dist\UniversityDataManagementSystemApp.jar;C:\Program Files\Java\jdk1.8.0_202\jre\lib\javaws.jar;C:\Program Files\Java\jdk1.8.0_202\jre\lib\deploy.jar;C:\Program Files\Java\jdk1.8.0_202\jre\lib\plugin.jar;E:\iti\courses\casestudy\Full Project\Java\ojdbc8.jar;E:\iti\courses\casestudy\Full Project\Java\UniversityDataManagementSystemApp\build\classes
Launcher Type: SUN_STANDARD

Environment Variables:
PATH=C:\oraclexe\app\oracle\product\11.2.0\server\bin;C:\oraclexe\app\oracle\product\11.2.0\server\bin;C:\Program Files\Java\jdk1.8.0_202\bin;C:\Program Files (x86)\VMware\VMware Workstation\bin\;C:\Program Files (x86)\Common Files\Oracle\Java\javapath;C:\Windows\system32;C:\Windows;C:\Windows\System32\Wbem;C:\Windows\System32\WindowsPowerShell\v1.0\;C:\Windows\System32\OpenSSH\;C:\Program Files\Microsoft SQL Server\Client SDK\ODBC\170\Tools\Binn\;C:\Program Files (x86)\Microsoft SQL Server\150\Tools\Binn\;C:\Program Files\Microsoft SQL Server\150\Tools\Binn\;C:\Program Files\Microsoft SQL Server\150\DTS\Binn\;C:\Program Files (x86)\Microsoft SQL Server\160\DTS\Binn\;C:\Program Files\Azure Data Studio\bin;E:\iti\courses\casestudy\Final\Bash\Git\cmd;C:\Program Files\MySQL\MySQL Shell 8.0\bin\;C:\Users\Smart Lap\AppData\Local\Microsoft\WindowsApps;;C:\Program Files\Azure Data Studio\bin
USERNAME=Smart Lap
OS=Windows_NT
PROCESSOR_IDENTIFIER=Intel64 Family 6 Model 69 Stepping 1, GenuineIntel



---------------  S Y S T E M  ---------------

OS: Windows 10.0 , 64 bit Build 19041 (10.0.19041.3636)

CPU:total 4 (initial active 4) (2 cores per cpu, 2 threads per core) family 6 model 69 stepping 1, cmov, cx8, fxsr, mmx, sse, sse2, sse3, ssse3, sse4.1, sse4.2, popcnt, avx, avx2, aes, clmul, erms, lzcnt, ht, tsc, tscinvbit, bmi1, bmi2

Memory: 4k page, physical 16691896k(8098924k free), swap 47948212k(5272k free)

vm_info: Java HotSpot(TM) 64-Bit Server VM (25.202-b08) for windows-amd64 JRE (1.8.0_202-b08), built on Dec 15 2018 19:54:30 by "java_re" with MS VC++ 10.0 (VS2010)

time: Tue Feb 13 17:50:36 2024
timezone: Egypt Standard Time
elapsed time: 0 seconds (0d 0h 0m 0s)

